# JRE version: Java(TM) SE Runtime Environment (8.0_111-b14) (build 1.8.0_111-b14)
# Java VM: Java HotSpot(TM) 64-Bit Server VM (25.111-b14 mixed mode bsd-amd64 compressed oops)
Heap:
 PSYoungGen      total 465920K, used 231650K [0x0000000795580000, 0x00000007c0000000, 0x00000007c0000000)
  eden space 232960K, 99% used [0x0000000795580000,0x00000007a37b8910,0x00000007a3900000)
  from space 232960K, 0% used [0x00000007b1c80000,0x00000007b1c80000,0x00000007c0000000)
  to   space 232960K, 0% used [0x00000007a3900000,0x00000007a3900000,0x00000007b1c80000)
 ParOldGen       total 1398272K, used 1398009K [0x0000000740000000, 0x0000000795580000, 0x0000000795580000)
  object space 1398272K, 99% used [0x0000000740000000,0x000000079553e510,0x0000000795580000)
 Metaspace       used 21893K, capacity 22538K, committed 23168K, reserved 1069056K
  class space    used 2698K, capacity 2914K, committed 3200K, reserved 1048576K
GC Heap History (10 events):
Event: 192.464 GC heap before
{Heap before GC invocations=76 (full 56):
 PSYoungGen      total 465920K, used 232960K [0x0000000795580000, 0x00000007c0000000, 0x00000007c0000000)
  eden space 232960K, 100% used [0x0000000795580000,0x00000007a3900000,0x00000007a3900000)
  from space 232960K, 0% used [0x00000007b1c80000,0x00000007b1c80000,0x00000007c0000000)
  to   space 232960K, 0% used [0x00000007a3900000,0x00000007a3900000,0x00000007b1c80000)
 ParOldGen       total 1398272K, used 1398065K [0x0000000740000000, 0x0000000795580000, 0x0000000795580000)
  object space 1398272K, 99% used [0x0000000740000000,0x000000079554c530,0x0000000795580000)
 Metaspace       used 21784K, capacity 22478K, committed 23168K, reserved 1069056K
  class space    used 2666K, capacity 2888K, committed 3200K, reserved 1048576K
Event: 193.317 GC heap after
Heap after GC invocations=76 (full 56):
 PSYoungGen      total 465920K, used 229936K [0x0000000795580000, 0x00000007c0000000, 0x00000007c0000000)
  eden space 232960K, 98% used [0x0000000795580000,0x00000007a360c110,0x00000007a3900000)
  from space 232960K, 0% used [0x00000007b1c80000,0x00000007b1c80000,0x00000007c0000000)
  to   space 232960K, 0% used [0x00000007a3900000,0x00000007a3900000,0x00000007b1c80000)
 ParOldGen       total 1398272K, used 1398057K [0x0000000740000000, 0x0000000795580000, 0x0000000795580000)
  object space 1398272K, 99% used [0x0000000740000000,0x000000079554a650,0x0000000795580000)
 Metaspace       used 21784K, capacity 22478K, committed 23168K, reserved 1069056K
  class space    used 2666K, capacity 2888K, committed 3200K, reserved 1048576K
}
Event: 193.338 GC heap before
{Heap before GC invocations=77 (full 57):
 PSYoungGen      total 465920K, used 232960K [0x0000000795580000, 0x00000007c0000000, 0x00000007c0000000)
  eden space 232960K, 100% used [0x0000000795580000,0x00000007a3900000,0x00000007a3900000)
  from space 232960K, 0% used [0x00000007b1c80000,0x00000007b1c80000,0x00000007c0000000)
  to   space 232960K, 0% used [0x00000007a3900000,0x00000007a3900000,0x00000007b1c80000)
 ParOldGen       total 1398272K, used 1398057K [0x0000000740000000, 0x0000000795580000, 0x0000000795580000)
  object space 1398272K, 99% used [0x0000000740000000,0x000000079554a650,0x0000000795580000)
 Metaspace       used 21815K, capacity 22508K, committed 23168K, reserved 1069056K
  class space    used 2670K, capacity 2893K, committed 3200K, reserved 1048576K
Event: 194.269 GC heap after
Heap after GC invocations=77 (full 57):
 PSYoungGen      total 465920K, used 230034K [0x0000000795580000, 0x00000007c0000000, 0x00000007c0000000)
  eden space 232960K, 98% used [0x0000000795580000,0x00000007a3624b38,0x00000007a3900000)
  from space 232960K, 0% used [0x00000007b1c80000,0x00000007b1c80000,0x00000007c0000000)
  to   space 232960K, 0% used [0x00000007a3900000,0x00000007a3900000,0x00000007b1c80000)
 ParOldGen       total 1398272K, used 1398028K [0x0000000740000000, 0x0000000795580000, 0x0000000795580000)
  object space 1398272K, 99% used [0x0000000740000000,0x0000000795543188,0x0000000795580000)
 Metaspace       used 21796K, capacity 22478K, committed 23168K, reserved 1069056K
  class space    used 2667K, capacity 2888K, committed 3200K, reserved 1048576K
}
Event: 194.278 GC heap before
{Heap before GC invocations=78 (full 58):
 PSYoungGen      total 465920K, used 232947K [0x0000000795580000, 0x00000007c0000000, 0x00000007c0000000)
  eden space 232960K, 99% used [0x0000000795580000,0x00000007a38fce38,0x00000007a3900000)
  from space 232960K, 0% used [0x00000007b1c80000,0x00000007b1c80000,0x00000007c0000000)
  to   space 232960K, 0% used [0x00000007a3900000,0x00000007a3900000,0x00000007b1c80000)
 ParOldGen       total 1398272K, used 1398028K [0x0000000740000000, 0x0000000795580000, 0x0000000795580000)
  object space 1398272K, 99% used [0x0000000740000000,0x0000000795543188,0x0000000795580000)
 Metaspace       used 21819K, capacity 22490K, committed 23168K, reserved 1069056K
  class space    used 2671K, capacity 2890K, committed 3200K, reserved 1048576K
Event: 195.004 GC heap after
Heap after GC invocations=78 (full 58):
 PSYoungGen      total 465920K, used 230925K [0x0000000795580000, 0x00000007c0000000, 0x00000007c0000000)
  eden space 232960K, 99% used [0x0000000795580000,0x00000007a37035b8,0x00000007a3900000)
  from space 232960K, 0% used [0x00000007b1c80000,0x00000007b1c80000,0x00000007c0000000)
  to   space 232960K, 0% used [0x00000007a3900000,0x00000007a3900000,0x00000007b1c80000)
 ParOldGen       total 1398272K, used 1398023K [0x0000000740000000, 0x0000000795580000, 0x0000000795580000)
  object space 1398272K, 99% used [0x0000000740000000,0x0000000795541dd0,0x0000000795580000)
 Metaspace       used 21793K, capacity 22448K, committed 23168K, reserved 1069056K
  class space    used 2667K, capacity 2883K, committed 3200K, reserved 1048576K
}
Event: 195.029 GC heap before
{Heap before GC invocations=79 (full 59):
 PSYoungGen      total 465920K, used 232958K [0x0000000795580000, 0x00000007c0000000, 0x00000007c0000000)
  eden space 232960K, 99% used [0x0000000795580000,0x00000007a38ff818,0x00000007a3900000)
  from space 232960K, 0% used [0x00000007b1c80000,0x00000007b1c80000,0x00000007c0000000)
  to   space 232960K, 0% used [0x00000007a3900000,0x00000007a3900000,0x00000007b1c80000)
 ParOldGen       total 1398272K, used 1398023K [0x0000000740000000, 0x0000000795580000, 0x0000000795580000)
  object space 1398272K, 99% used [0x0000000740000000,0x0000000795541dd0,0x0000000795580000)
 Metaspace       used 21801K, capacity 22454K, committed 23168K, reserved 1069056K
  class space    used 2668K, capacity 2884K, committed 3200K, reserved 1048576K
Event: 195.877 GC heap after
Heap after GC invocations=79 (full 59):
 PSYoungGen      total 465920K, used 230944K [0x0000000795580000, 0x00000007c0000000, 0x00000007c0000000)
  eden space 232960K, 99% used [0x0000000795580000,0x00000007a3708230,0x00000007a3900000)
  from space 232960K, 0% used [0x00000007b1c80000,0x00000007b1c80000,0x00000007c0000000)
  to   space 232960K, 0% used [0x00000007a3900000,0x00000007a3900000,0x00000007b1c80000)
 ParOldGen       total 1398272K, used 1398010K [0x0000000740000000, 0x0000000795580000, 0x0000000795580000)
  object space 1398272K, 99% used [0x0000000740000000,0x000000079553e8f8,0x0000000795580000)
 Metaspace       used 21786K, capacity 22430K, committed 23168K, reserved 1069056K
  class space    used 2666K, capacity 2880K, committed 3200K, reserved 1048576K
}
Event: 195.940 GC heap before
{Heap before GC invocations=80 (full 60):
 PSYoungGen      total 465920K, used 232960K [0x0000000795580000, 0x00000007c0000000, 0x00000007c0000000)
  eden space 232960K, 100% used [0x0000000795580000,0x00000007a3900000,0x00000007a3900000)
  from space 232960K, 0% used [0x00000007b1c80000,0x00000007b1c80000,0x00000007c0000000)
  to   space 232960K, 0% used [0x00000007a3900000,0x00000007a3900000,0x00000007b1c80000)
 ParOldGen       total 1398272K, used 1398010K [0x0000000740000000, 0x0000000795580000, 0x0000000795580000)
  object space 1398272K, 99% used [0x0000000740000000,0x000000079553e8f8,0x0000000795580000)
 Metaspace       used 21892K, capacity 22538K, committed 23168K, reserved 1069056K
  class space    used 2698K, capacity 2914K, committed 3200K, reserved 1048576K
Event: 196.836 GC heap after
Heap after GC invocations=80 (full 60):
 PSYoungGen      total 465920K, used 231012K [0x0000000795580000, 0x00000007c0000000, 0x00000007c0000000)
  eden space 232960K, 99% used [0x0000000795580000,0x00000007a37190f0,0x00000007a3900000)
  from space 232960K, 0% used [0x00000007b1c80000,0x00000007b1c80000,0x00000007c0000000)
  to   space 232960K, 0% used [0x00000007a3900000,0x00000007a3900000,0x00000007b1c80000)
 ParOldGen       total 1398272K, used 1398009K [0x0000000740000000, 0x0000000795580000, 0x0000000795580000)
  object space 1398272K, 99% used [0x0000000740000000,0x000000079553e510,0x0000000795580000)
 Metaspace       used 21881K, capacity 22520K, committed 23168K, reserved 1069056K
  class space    used 2696K, capacity 2911K, committed 3200K, reserved 1048576K
}

